<?xml version="1.0" encoding="UTF-8"?>
<!-- Generated by org.testng.reporters.JUnitReportReporter -->
<testsuite skipped="0" hostname="MTY-45B7RNAP0F3" name="myTests.PageFactoryTest" tests="2" failures="0" timestamp="2021-07-01T17:03:47 CDT" time="22.561" errors="0">
  <testcase name="fillFirsAndLastName" time="17.036" classname="myTests.PageFactoryTest"/>
  <system-out/>
  <testcase name="searchDresses" time="5.525" classname="myTests.PageFactoryTest"/>
  <system-out/>
</testsuite> <!-- myTests.PageFactoryTest -->
