<?xml version="1.0" encoding="UTF-8"?>
<!-- Generated by org.testng.reporters.JUnitReportReporter -->
<testsuite hostname="MTY-PFATE596QT5" failures="0" tests="1" name="myTests.PageFactoryTest" time="56.503" errors="0" timestamp="2021-07-03T10:51:44 CDT" skipped="0">
  <testcase classname="myTests.PageFactoryTest" name="TC04_Add_Cart_Continue_HP_V02" time="56.503"/>
  <system-out/>
</testsuite> <!-- myTests.PageFactoryTest -->
