<?xml version="1.0" encoding="UTF-8"?>
<!-- Generated by org.testng.reporters.JUnitReportReporter -->
<testsuite hostname="MTY-45B7RNAP0F3" failures="0" tests="1" name="myTests.TestNGExample" time="0.020" errors="0" timestamp="2021-06-22T17:44:42 CDT" skipped="0">
  <testcase classname="myTests.TestNGExample" name="printHomePageTitle" time="0.020"/>
  <system-out/>
</testsuite> <!-- myTests.TestNGExample -->
