<?xml version="1.0" encoding="UTF-8"?>
<!-- Generated by org.testng.reporters.JUnitReportReporter -->
<testsuite hostname="MTY-PFATE596QT5" failures="0" tests="2" name="myTests.TestNGExample" time="0.037" errors="0" timestamp="2021-06-22T16:56:44 CDT" skipped="0">
  <testcase classname="myTests.TestNGExample" name="printHomePageTitleWithExtraLetters" time="0.023"/>
  <system-out/>
  <testcase classname="myTests.TestNGExample" name="printHomePageTittle" time="0.014"/>
  <system-out/>
</testsuite> <!-- myTests.TestNGExample -->
